"../../../Jeu_Az/Content/Hero/Hero_Mesh/Lutin_Skeleton.uasset" 0
"../../../Jeu_Az/Content/Hero/Animations/Falling_Idle.uasset" 1
"../../../Jeu_Az/Content/Hero/Animations/Jump.uasset" 2
"../../../Jeu_Az/Content/Hero/Animations/Punching.uasset" 3
"../../../Jeu_Az/Content/Hero/Animations/Idle.uasset" 4
"../../../Jeu_Az/Content/sound/Pas.uasset" 5
"../../../Jeu_Az/Content/Hero/Animations/Slow_Run.uasset" 6
"../../../Jeu_Az/Content/Hero/Animations/Walking.uasset" 7
"../../../Jeu_Az/Content/Hero/Animations/Idle_RunBS.uasset" 8
"../../../Jeu_Az/Content/Hero/Animations/Lutin_AnimBP.uasset" 9
"../../../Engine/Content/EditorBlueprintResources/StandardMacros.uasset" 10
"../../../Jeu_Az/Content/Enemy/Enemy_Skeleton.uasset" 11
"../../../Jeu_Az/Content/Enemy/Enemy_Anim_Armature_Death.uasset" 12
"../../../Jeu_Az/Content/Enemy/Enemy_Anim_Armature_Idle.uasset" 13
"../../../Jeu_Az/Content/Enemy/Enemy_Anim_Armature_Run.uasset" 14
"../../../Jeu_Az/Content/Enemy/Idle_RunEnemyBS.uasset" 15
"../../../Jeu_Az/Content/Enemy/Enemy_AnimBP.uasset" 16
"../../../Jeu_Az/Content/Enemy/Bourgeon.uasset" 17
"../../../Jeu_Az/Content/Enemy/Chaussure.uasset" 18
"../../../Jeu_Az/Content/Enemy/Corp.uasset" 19
"../../../Jeu_Az/Content/Enemy/Sourcil.uasset" 20
"../../../Jeu_Az/Content/Enemy/Yeux.uasset" 21
"../../../Jeu_Az/Content/Enemy/Enemy_PhysicsAsset.uasset" 22
"../../../Jeu_Az/Content/Enemy/Enemy.uasset" 23
"../../../Jeu_Az/Content/Enemy/Enemy_BP.uasset" 24
"../../../Jeu_Az/Content/Hero/Hero_Mesh/Lutin_Hair.uasset" 25
"../../../Jeu_Az/Content/Hero/Hero_Mesh/Lutin_Hair_MAT.uasset" 26
"../../../Jeu_Az/Content/Hero/Hero_Mesh/Lutin_Hands.uasset" 27
"../../../Jeu_Az/Content/Hero/Hero_Mesh/Lutin_Hands_MAT.uasset" 28
"../../../Jeu_Az/Content/Hero/Hero_Mesh/Lutin_Hat.uasset" 29
"../../../Jeu_Az/Content/Hero/Hero_Mesh/Lutin_Hat_MAT.uasset" 30
"../../../Jeu_Az/Content/Hero/Hero_Mesh/Lutin_Head.uasset" 31
"../../../Jeu_Az/Content/Hero/Hero_Mesh/Lutin_Head_MAT.uasset" 32
"../../../Jeu_Az/Content/Hero/Hero_Mesh/Lutin_LowerBody.uasset" 33
"../../../Jeu_Az/Content/Hero/Hero_Mesh/Lutin_LowerBody_MAT.uasset" 34
"../../../Jeu_Az/Content/Hero/Hero_Mesh/Lutin_Shoes.uasset" 35
"../../../Jeu_Az/Content/Hero/Hero_Mesh/Lutin_Shoes_MAT.uasset" 36
"../../../Jeu_Az/Content/Hero/Hero_Mesh/Lutin_UpperBody.uasset" 37
"../../../Jeu_Az/Content/Hero/Hero_Mesh/Lutin_UpperBody_MAT.uasset" 38
"../../../Jeu_Az/Content/Hero/Hero_Mesh/Lutin_PhysicsAsset.uasset" 39
"../../../Jeu_Az/Content/Hero/Hero_Mesh/Lutin.uasset" 40
"../../../Jeu_Az/Content/sound/Mario-game-over-sound-effect-no-copyright_.uasset" 41
"../../../Jeu_Az/Content/Widgets/GameOver.uasset" 42
"../../../Jeu_Az/Content/Hero/Hero_BP.uasset" 43
"../../../Jeu_Az/Content/Widgets/commande.uasset" 44
"../../../Jeu_Az/Content/Widgets/PauseMenu.uasset" 45
"../../../Jeu_Az/Content/Hero/MyController.uasset" 46
"../../../Jeu_Az/Content/ThirdPersonBP/Blueprints/ThirdPersonGameMode.uasset" 47
"../../../Engine/Content/Functions/Engine_MaterialFunctions01/Opacity/CameraDepthFade.uasset" 48
"../../../Engine/Content/EngineMaterials/T_Default_Material_Grid_M.uasset" 49
"../../../Engine/Content/EngineMaterials/T_Default_Material_Grid_N.uasset" 50
"../../../Engine/Content/EngineMaterials/DefaultMaterial.uasset" 51
"../../../Engine/Content/BasicShapes/Cone.uasset" 52
"../../../Engine/Content/EngineMaterials/WorldGridMaterial.uasset" 53
"../../../Engine/Content/BasicShapes/Cube.uasset" 54
"../../../Engine/Content/BasicShapes/Cylinder.uasset" 55
"../../../Engine/Content/BasicShapes/Plane.uasset" 56
"../../../Engine/Content/BasicShapes/Sphere.uasset" 57
"../../../Engine/Content/EditorLandscapeResources/DataLayer.uasset" 58
"../../../Engine/Content/EditorMaterials/GizmoMaterial.uasset" 59
"../../../Engine/Content/EditorMaterials/MAT_Groups_Toggle.uasset" 60
"../../../Engine/Content/EditorMaterials/MAT_Groups_Visibility.uasset" 61
"../../../Engine/Content/EditorMaterials/PreviewShadowIndicator.uasset" 62
"../../../Engine/Content/EditorMaterials/PreviewShadowIndicatorMaterial.uasset" 63
"../../../Engine/Content/EditorMaterials/MatineeGroups/MAT_ColorTrack.uasset" 64
"../../../Engine/Content/EditorMaterials/MatineeGroups/MAT_Groups_Anim.uasset" 65
"../../../Engine/Content/EditorMaterials/MatineeGroups/MAT_Groups_AudioMaster.uasset" 66
"../../../Engine/Content/EditorMaterials/MatineeGroups/MAT_Groups_Director.uasset" 67
"../../../Engine/Content/EditorMaterials/MatineeGroups/MAT_Groups_Event.uasset" 68
"../../../Engine/Content/EditorMaterials/MatineeGroups/MAT_Groups_Fade.uasset" 69
"../../../Engine/Content/EditorMaterials/MatineeGroups/MAT_Groups_Float.uasset" 70
"../../../Engine/Content/EditorMaterials/MatineeGroups/MAT_Groups_Move.uasset" 71
"../../../Engine/Content/EditorMaterials/MatineeGroups/MAT_Groups_Slomo.uasset" 72
"../../../Engine/Content/EditorMaterials/MatineeGroups/MAT_Groups_Sound.uasset" 73
"../../../Engine/Content/EditorMaterials/MatineeGroups/MAT_Groups_Vector.uasset" 74
"../../../Engine/Content/EditorMaterials/ParticleSystems/PSysThumbnail_NoImage.uasset" 75
"../../../Engine/Content/EditorMaterials/ParticleSystems/PSysThumbnail_OOD.uasset" 76
"../../../Engine/Content/EditorMaterials/Camera/CineMat.uasset" 77
"../../../Engine/Content/EditorMaterials/Camera/MI_CineMat_Rig.uasset" 78
"../../../Engine/Content/EditorMeshes/Camera/SM_CraneRig_Arm.uasset" 79
"../../../Engine/Content/EditorMeshes/Camera/SM_CraneRig_Base.uasset" 80
"../../../Engine/Content/EditorMeshes/Camera/SM_CraneRig_Body.uasset" 81
"../../../Engine/Content/EditorMeshes/Camera/SM_CraneRig_Mount.uasset" 82
"../../../Engine/Content/EditorMeshes/Camera/SM_RailRig_Mount.uasset" 83
"../../../Engine/Content/EditorMeshes/Camera/SM_RailRig_Track.uasset" 84
"../../../Engine/Content/EditorMeshes/ColorCalibrator/M_ChromeBall.uasset" 85
"../../../Engine/Content/EditorMeshes/ColorCalibrator/M_ClearCoat.uasset" 86
"../../../Engine/Content/EditorMeshes/ColorCalibrator/M_ClearCoatBlack.uasset" 87
"../../../Engine/Content/EditorMeshes/ColorCalibrator/Color_checker.uasset" 88
"../../../Engine/Content/EditorMeshes/ColorCalibrator/M_ColorGrid.uasset" 89
"../../../Engine/Content/EditorMeshes/ColorCalibrator/M_GreyBall.uasset" 90
"../../../Engine/Content/EditorMeshes/ColorCalibrator/SM_ColorCalibrator.uasset" 91
"../../../Engine/Content/EditorResources/BSPVertex.uasset" 92
"../../../Engine/Content/EditorResources/EmptyActor.uasset" 93
"../../../Engine/Content/EditorResources/S_Actor.uasset" 94
"../../../Engine/Content/EditorResources/S_Trigger.uasset" 95
"../../../Engine/Content/EditorResources/AudioIcons/S_AudioComponent_AutoActivate.uasset" 96
"../../../Engine/Content/EditorResources/LightIcons/S_LightError.uasset" 97
"../../../Engine/Content/EditorResources/SequenceRecorder/Countdown.uasset" 98
"../../../Engine/Content/EditorResources/SequenceRecorder/RecordingIndicator.uasset" 99
"../../../Engine/Content/EditorSounds/Notifications/CompileFailed.uasset" 100
"../../../Engine/Content/EditorSounds/Notifications/CompileFailed_Cue.uasset" 101
"../../../Engine/Content/EditorSounds/Notifications/CompileSuccess.uasset" 102
"../../../Engine/Content/EditorSounds/Notifications/CompileStart_Cue.uasset" 103
"../../../Engine/Content/EditorSounds/Notifications/CompileSuccess_Cue.uasset" 104
"../../../Engine/Content/EngineDamageTypes/DmgTypeBP_Environmental.uasset" 105
"../../../Engine/Content/EngineDebugMaterials/HeatmapGradient.uasset" 106
"../../../Engine/Content/EngineDebugMaterials/BoneWeightMaterial.uasset" 107
"../../../Engine/Content/EngineDebugMaterials/ClothMaterial.uasset" 108
"../../../Engine/Content/EngineDebugMaterials/ClothMaterial_WF.uasset" 109
"../../../Engine/Content/EngineDebugMaterials/DebugEditorMaterial.uasset" 110
"../../../Engine/Content/EngineDebugMaterials/DebugMeshMaterial.uasset" 111
"../../../Engine/Content/EngineDebugMaterials/GeomMaterial.uasset" 112
"../../../Engine/Content/EngineFonts/Faces/RobotoBold.uasset" 113
"../../../Engine/Content/EngineFonts/Faces/RobotoBoldItalic.uasset" 114
"../../../Engine/Content/EngineFonts/Faces/RobotoItalic.uasset" 115
"../../../Engine/Content/EngineFonts/Faces/RobotoLight.uasset" 116
"../../../Engine/Content/EngineFonts/Faces/RobotoRegular.uasset" 117
"../../../Engine/Content/EngineFonts/Roboto.uasset" 118
"../../../Engine/Content/EngineFonts/Faces/RobotoTiny.uasset" 119
"../../../Engine/Content/EngineFonts/RobotoTiny.uasset" 120
"../../../Engine/Content/EngineMaterials/DefaultBloomKernel.uasset" 121
"../../../Engine/Content/EngineMaterials/DefaultBokeh.uasset" 122
"../../../Engine/Content/EngineMaterials/DefaultDiffuse.uasset" 123
"../../../Engine/Content/EngineMaterials/DefaultDeferredDecalMaterial.uasset" 124
"../../../Engine/Content/EngineMaterials/DefaultLightFunctionMaterial.uasset" 125
"../../../Engine/Content/Functions/Engine_MaterialFunctions02/Utility/BreakOutFloat2Components.uasset" 126
"../../../Engine/Content/EngineMaterials/DefaultPostProcessMaterial.uasset" 127
"../../../Engine/Content/EngineFonts/RobotoDistanceField.uasset" 128
"../../../Engine/Content/EngineMaterials/DefaultTextMaterialOpaque.uasset" 129
"../../../Engine/Content/EngineMaterials/DefaultWhiteGrid.uasset" 130
"../../../Engine/Content/EngineMaterials/EditorBrushMaterial.uasset" 131
"../../../Engine/Content/EngineMaterials/Good64x64TilingNoiseHighFreq.uasset" 132
"../../../Engine/Content/EngineMaterials/MiniFont.uasset" 133
"../../../Engine/Content/EngineMaterials/InvalidLightmapSettings.uasset" 134
"../../../Engine/Content/EngineMaterials/M_InvalidLightmapSettings.uasset" 135
"../../../Engine/Content/Functions/Engine_MaterialFunctions02/WorldPositionOffset/CameraOffset.uasset" 136
"../../../Engine/Content/EngineMaterials/PhAT_JointLimitMaterial.uasset" 137
"../../../Engine/Content/EngineMaterials/PreintegratedSkinBRDF.uasset" 138
"../../../Engine/Content/EngineMaterials/RemoveSurfaceMaterial.uasset" 139
"../../../Engine/Content/EngineMaterials/WeightMapPlaceholderTexture.uasset" 140
"../../../Engine/Content/EngineResources/WhiteSquareTexture.uasset" 141
"../../../Engine/Content/EngineMaterials/Widget3DPassThrough.uasset" 142
"../../../Engine/Content/EngineMaterials/Widget3DPassThrough_Masked.uasset" 143
"../../../Engine/Content/EngineMaterials/Widget3DPassThrough_Opaque.uasset" 144
"../../../Engine/Content/EngineMaterials/Widget3DPassThrough_Masked_OneSided.uasset" 145
"../../../Engine/Content/EngineMaterials/Widget3DPassThrough_Opaque_OneSided.uasset" 146
"../../../Engine/Content/EngineMaterials/Widget3DPassThrough_Translucent.uasset" 147
"../../../Engine/Content/EngineMaterials/Widget3DPassThrough_Translucent_OneSided.uasset" 148
"../../../Engine/Content/EngineMeshes/Cube.uasset" 149
"../../../Engine/Content/EngineMeshes/Cylinder.uasset" 150
"../../../Engine/Content/EngineMeshes/Sphere.uasset" 151
"../../../Engine/Content/EngineResources/Black.uasset" 152
"../../../Engine/Content/EngineResources/DefaultTexture.uasset" 153
"../../../Engine/Content/EngineResources/DefaultTextureCube.uasset" 154
"../../../Engine/Content/EngineResources/GradientTexture0.uasset" 155
"../../../Engine/Content/EngineSounds/Master.uasset" 156
"../../../Engine/Content/Functions/Engine_MaterialFunctions01/Shading/ConvertFromDiffSpec.uasset" 157
"../../../Engine/Content/Functions/Engine_MaterialFunctions01/Shading/PowerToRoughness.uasset" 158
"../../../Engine/Content/Maps/Templates/Thumbnails/Default.uasset" 159
"../../../Engine/Content/Maps/Templates/Thumbnails/VR-Basic.uasset" 160
"../../../Engine/Content/MobileResources/T_MobileControls_texture.uasset" 161
"../../../Engine/Content/MobileResources/T_MobileMenu2.uasset" 162
"../../../Engine/Content/MobileResources/HUD/AnalogHat.uasset" 163
"../../../Engine/Content/MobileResources/HUD/VirtualJoystick_Background.uasset" 164
"../../../Engine/Content/MobileResources/HUD/VirtualJoystick_Thumb.uasset" 165
"../../../Engine/Content/MobileResources/HUD/DefaultVirtualJoysticks.uasset" 166
"../../../Engine/Content/MobileResources/HUD/LeftVirtualJoystickOnly.uasset" 167
"../../../Engine/Content/MobileResources/HUD/MobileHUDButton1_off.uasset" 168
"../../../Engine/Content/MobileResources/HUD/MobileHUDButton1_on.uasset" 169
"../../../Engine/Content/MobileResources/HUD/MobileHUDButton2_off.uasset" 170
"../../../Engine/Content/MobileResources/HUD/MobileHUDButton2_on.uasset" 171
"../../../Engine/Content/MobileResources/HUD/MobileHUDButton3.uasset" 172
"../../../Engine/Content/MobileResources/HUD/MobileHUDButtonFire.uasset" 173
"../../../Engine/Content/MobileResources/HUD/MobileHUDDirectionPad.uasset" 174
"../../../Engine/Content/MobileResources/HUD/MobileHUDDirectionPad2.uasset" 175
"../../../Engine/Content/MobileResources/HUD/MobileHUDDirectionPad3.uasset" 176
"../../../Engine/Content/MobileResources/HUD/MobileHUDDirectionStick.uasset" 177
"../../../Engine/Content/MobileResources/HUD/T_Castle_ThumbstickInner.uasset" 178
"../../../Engine/Content/MobileResources/HUD/T_Castle_ThumbstickOutter.uasset" 179
"../../../Engine/Content/Tutorial/ContentIntroCurve.uasset" 180
"../../../Engine/Content/Tutorial/Basics/TutorialAssets/icon_tab_Levels_40x.uasset" 181
"../../../Engine/Content/Tutorial/BlueprintTutorials/TutorialAssets/BlueprintInterface_64x.uasset" 182
"../../../Engine/Content/Tutorial/BlueprintTutorials/TutorialAssets/BlueprintMacroLibrary_64x.uasset" 183
"../../../Engine/Content/Tutorial/BlueprintTutorials/TutorialAssets/Blueprint_64x.uasset" 184
"../../../Engine/Content/Tutorial/BlueprintTutorials/TutorialAssets/Tutorial_BP_Interface.uasset" 185
"../../../Engine/Content/Tutorial/Foliage/TutorialAssets/Foliage.uasset" 186
"../../../Engine/Content/Tutorial/Landscape/TutorialAssets/Landscape.uasset" 187
"../../../Engine/Content/Tutorial/Paper2D/TutorialAssets/Paper2DFlipbook_TutorialIcon.uasset" 188
"../../../Engine/Content/Tutorial/Paper2D/TutorialAssets/Paper2DSprite_TutorialIcon.uasset" 189
"../../../Engine/Content/Tutorial/SubEditors/TutorialAssets/icon_Editor_Preferences_General_40x.uasset" 190
"../../../Engine/Content/Tutorial/SubEditors/TutorialAssets/icon_ShowSkeletalMeshes_40x.uasset" 191
"../../../Engine/Content/Tutorial/SubEditors/TutorialAssets/TutorialMaterial.uasset" 192
"../../../Engine/Content/Tutorial/SubEditors/TutorialAssets/T_SmokeSubUV_8X8.uasset" 193
"../../../Engine/Content/Tutorial/SubEditors/TutorialAssets/T_soft_smoke.uasset" 194
"../../../Engine/Content/Tutorial/SubEditors/TutorialAssets/M_smoke_subUV_blackbody.uasset" 195
"../../../Engine/Content/Tutorial/SubEditors/TutorialAssets/TutorialParticleSystem.uasset" 196
"../../../Engine/Content/VREditor/Devices/Generic/GenericHMDMaterial.uasset" 197
"../../../Engine/Content/VREditor/Devices/Generic/GenericHMD.uasset" 198
"../../../Engine/Content/VREditor/FloatingText/LineMaterial.uasset" 199
"../../../Engine/Content/VREditor/FloatingText/JointSphere.uasset" 200
"../../../Engine/Content/VREditor/FloatingText/LineSegmentCylinder.uasset" 201
"../../../Engine/Content/VREditor/Fonts/VRText_RobotoLarge.uasset" 202
"../../../Engine/Content/VREditor/Fonts/VRTextMaterial.uasset" 203
"../../../Engine/Content/VREditor/Fonts/TranslucentVRTextMaterial.uasset" 204
"../../../Engine/Content/VREditor/LaserPointer/CursorPointer.uasset" 205
"../../../Engine/Content/VREditor/LaserPointer/VR_LaserPower_01.uasset" 206
"../../../Engine/Content/VREditor/TransformGizmo/TransformGizmoMaterial.uasset" 207
"../../../Engine/Content/VREditor/LaserPointer/HoverMaterial.uasset" 208
"../../../Engine/Content/VREditor/TransformGizmo/TranslucentTransformGizmoMaterial.uasset" 209
"../../../Engine/Content/VREditor/LaserPointer/TranslucentHoverMaterial.uasset" 210
"../../../Engine/Content/VREditor/LaserPointer/HoverMesh.uasset" 211
"../../../Engine/Content/VREditor/LaserPointer/LaserPointerMaterial.uasset" 212
"../../../Engine/Content/VREditor/LaserPointer/LaserPointerMaterialInst.uasset" 213
"../../../Engine/Content/VREditor/LaserPointer/TranslucentLaserPointerMaterialInst.uasset" 214
"../../../Engine/Content/VREditor/LaserPointer/LaserPointerMesh.uasset" 215
"../../../Engine/Content/VREditor/LaserPointer/LaserPointerMesh_End.uasset" 216
"../../../Engine/Content/VREditor/LaserPointer/LaserPointerMesh_Start.uasset" 217
"../../../Engine/Content/Functions/Engine_MaterialFunctions02/Utility/BreakOutFloat3Components.uasset" 218
"../../../Engine/Content/Functions/Engine_MaterialFunctions02/Math/Transform3x3Matrix.uasset" 219
"../../../Engine/Content/Functions/Engine_MaterialFunctions02/SplitComponents.uasset" 220
"../../../Engine/Content/Functions/Engine_MaterialFunctions02/Utility/MakeFloat3.uasset" 221
"../../../Engine/Content/VREditor/SnapGrid/SnapGridMaterial.uasset" 222
"../../../Engine/Content/VREditor/SnapGrid/SnapGridPlaneMesh.uasset" 223
"../../../Engine/Content/VREditor/Sounds/VR_teleport.uasset" 224
"../../../Engine/Content/VREditor/Sounds/UI/Click_on_Button_Cue.uasset" 225
"../../../Engine/Content/VREditor/Sounds/UI/Dockable_Window_Close.uasset" 226
"../../../Engine/Content/VREditor/Sounds/UI/Dockable_Window_Drop.uasset" 227
"../../../Engine/Content/VREditor/Sounds/UI/Dockable_Window_Open.uasset" 228
"../../../Engine/Content/VREditor/Sounds/UI/Dockable_Window_Pick_Up.uasset" 229
"../../../Engine/Content/VREditor/Sounds/UI/Drop_Item_From_ContentBrowser.uasset" 230
"../../../Engine/Content/VREditor/Sounds/UI/Floating_UI_Open-001.uasset" 231
"../../../Engine/Content/VREditor/Sounds/UI/Gizmo_Handle_Clicked.uasset" 232
"../../../Engine/Content/VREditor/Sounds/UI/Object_PickUp.uasset" 233
"../../../Engine/Content/VREditor/Sounds/UI/Object_Snaps_To_Another_Actor.uasset" 234
"../../../Engine/Content/VREditor/Sounds/UI/Object_Snaps_To_Grid.uasset" 235
"../../../Engine/Content/VREditor/Sounds/UI/Radial_Menu_FadeOut.uasset" 236
"../../../Engine/Content/VREditor/Sounds/UI/Scaling_Down.uasset" 237
"../../../Engine/Content/VREditor/Sounds/UI/Scaling_Up.uasset" 238
"../../../Engine/Content/VREditor/Sounds/UI/Selection_Changes.uasset" 239
"../../../Engine/Content/VREditor/Sounds/UI/Teleport_Mode_Entered.uasset" 240
"../../../Engine/Content/VREditor/Teleport/TeleportDirectionMaterial.uasset" 241
"../../../Engine/Content/VREditor/Teleport/TeleportDirectionMaterial_Inst.uasset" 242
"../../../Engine/Content/VREditor/Teleport/TeleportDirectionMesh.uasset" 243
"../../../Engine/Content/VREditor/TransformGizmo/BoundingBoxCorner.uasset" 244
"../../../Engine/Content/VREditor/TransformGizmo/BoundingBoxEdge.uasset" 245
"../../../Engine/Content/VREditor/TransformGizmo/PlaneTranslationHandle.uasset" 246
"../../../Engine/Content/VREditor/TransformGizmo/RotationHandleFull.uasset" 247
"../../../Engine/Content/VREditor/TransformGizmo/RotationHandleIndicator.uasset" 248
"../../../Engine/Content/VREditor/TransformGizmo/RotationHandleQuarter.uasset" 249
"../../../Engine/Content/VREditor/TransformGizmo/Main.uasset" 250
"../../../Engine/Content/VREditor/TransformGizmo/Xray.uasset" 251
"../../../Engine/Content/VREditor/TransformGizmo/SM_Dialog_Close.uasset" 252
"../../../Engine/Content/VREditor/TransformGizmo/SM_Dialog_Move.uasset" 253
"../../../Engine/Content/VREditor/TransformGizmo/SM_Sequencer_Key.uasset" 254
"../../../Engine/Content/VREditor/TransformGizmo/SM_Sequencer_Node.uasset" 255
"../../../Engine/Content/VREditor/TransformGizmo/StartRotationHandleIndicator.uasset" 256
"../../../Engine/Content/VREditor/TransformGizmo/TranslucentTransformGizmoMaterial_Inst.uasset" 257
"../../../Engine/Content/VREditor/TransformGizmo/TransformGizmoFreeRotation.uasset" 258
"../../../Engine/Content/VREditor/TransformGizmo/TransformGizmoMaterial_Inst.uasset" 259
"../../../Engine/Content/VREditor/TransformGizmo/TranslateArrowHandle.uasset" 260
"../../../Engine/Content/VREditor/TransformGizmo/UniformScaleHandle.uasset" 261
"../../../Engine/Content/VREditor/UI/KeyDiskMaterial.uasset" 262
"../../../Engine/Content/VREditor/UI/DiscMaterial.uasset" 263
"../../../Engine/Content/VREditor/UI/SM_Radial_Disk.uasset" 264
"../../../Engine/Content/Functions/Engine_MaterialFunctions01/Gradient/RadialGradient.uasset" 265
"../../../Engine/Content/VREditor/WorldMovementGrid/SimpleGrid.uasset" 266
"../../../Engine/Content/VREditor/WorldMovementGrid/GridMaterial.uasset" 267
"../../../Engine/Content/Functions/Engine_MaterialFunctions01/Density/ExponentialDensity.uasset" 268
"../../../Engine/Content/VREditor/WorldMovementGrid/GridPostProcess.uasset" 269
"../../../Engine/Content/EditorLandscapeResources/FlattenHeightMat.uasset" 270
"../../../Engine/Content/VREditor/WorldMovementGrid/PlaneMesh.uasset" 271
"../../../Engine/Plugins/2D/Paper2D/Content/PlaceholderTextures/DummySpriteTexture.uasset" 272
"../../../Engine/Plugins/2D/Paper2D/Content/DummySprite.uasset" 273
"../../../Engine/Plugins/2D/Paper2D/Content/DefaultPaperTerrainMaterial.uasset" 274
"../../../Engine/Plugins/2D/Paper2D/Content/DefaultSpriteMaterial.uasset" 275
"../../../Engine/Plugins/2D/Paper2D/Content/MaskedUnlitSpriteMaterial.uasset" 276
"../../../Engine/Plugins/2D/Paper2D/Content/OpaqueUnlitSpriteMaterial.uasset" 277
"../../../Engine/Plugins/Media/MediaCompositing/Content/DefaultMediaPlaneMaterial.uasset" 278
"../../../Engine/Content/Functions/Engine_MaterialFunctions02/Utility/MakeFloat4.uasset" 279
"../../../Engine/Plugins/Runtime/AppleARKit/Content/ARKitCameraMaterial.uasset" 280
"../../../Engine/Plugins/Runtime/Oculus/OculusVR/Content/Textures/GearVRController_AO.uasset" 281
"../../../Engine/Plugins/Runtime/Oculus/OculusVR/Content/Textures/GearVRController_Color.uasset" 282
"../../../Engine/Plugins/Runtime/Oculus/OculusVR/Content/Textures/GearVRController_Normal.uasset" 283
"../../../Engine/Plugins/Runtime/Oculus/OculusVR/Content/Materials/GearVRControllerMaterial.uasset" 284
"../../../Engine/Plugins/Runtime/Oculus/OculusVR/Content/Meshes/GearVrController.uasset" 285
"../../../Engine/Content/EngineSky/C_Sky_Cloud_Color.uasset" 286
"../../../Engine/Content/EngineSky/C_Sky_Horizon_Color.uasset" 287
"../../../Engine/Content/EngineSky/C_Sky_Zenith_Color.uasset" 288
"../../../Engine/Content/EngineSky/T_Sky_Blue.uasset" 289
"../../../Engine/Content/EngineSky/T_Sky_Clouds_M.uasset" 290
"../../../Engine/Content/EngineSky/T_Sky_Stars.uasset" 291
"../../../Engine/Content/EngineSky/M_Sky_Panning_Clouds2.uasset" 292
"../../../Engine/Content/EngineSky/SM_SkySphere.uasset" 293
"../../../Engine/Content/EngineSky/BP_Sky_Sphere.uasset" 294
"../../../Jeu_Az/Content/Coin/M_Metal_Red_Instance.uasset" 295
"../../../Jeu_Az/Content/Coin/Coin.uasset" 296
"../../../Jeu_Az/Content/Coin/CoinSoundEffect.uasset" 297
"../../../Jeu_Az/Content/Coin/Coin_BP.uasset" 298
"../../../Jeu_Az/Content/Plateformes/WoodTexture.uasset" 299
"../../../Jeu_Az/Content/Plateformes/Wood_Mat.uasset" 300
"../../../Jeu_Az/Content/Plateformes/Plateforme_Static.uasset" 301
"../../../Jeu_Az/Content/Plateformes/Plateforme_BP.uasset" 302
"../../../Jeu_Az/Content/Tour/Tour_BaseColor.uasset" 303
"../../../Jeu_Az/Content/Tour/Tour_Normal.uasset" 304
"../../../Jeu_Az/Content/Tour/Tour_Roughness.uasset" 305
"../../../Jeu_Az/Content/Tour/Tour_Mat.uasset" 306
"../../../Jeu_Az/Content/Tour/Tour.uasset" 307
"../../../Jeu_Az/Content/Tour/Tour_BP.uasset" 308
"../../../Jeu_Az/Content/Levels/Foretlevels_sharedassets/Dirt_LayerInfo.uasset" 309
"../../../Jeu_Az/Content/Levels/Foretlevels_sharedassets/Grass_LayerInfo.uasset" 310
"../../../Jeu_Az/Content/Levels/Foretlevels_sharedassets/Rock_LayerInfo.uasset" 311
"../../../Jeu_Az/Content/Levels/Foretlevels_BuiltData.uasset" 312
"../../../Jeu_Az/Content/decals/DecalsDamageFloor0001_5_M.uasset" 313
"../../../Jeu_Az/Content/decals/decalsWall_Mat.uasset" 314
"../../../Jeu_Az/Content/StarterContent/Textures/T_CobbleStone_Rough_D.uasset" 315
"../../../Jeu_Az/Content/StarterContent/Textures/T_CobbleStone_Rough_N.uasset" 316
"../../../Jeu_Az/Content/StarterContent/Textures/T_Gradinet_01.uasset" 317
"../../../Jeu_Az/Content/StarterContent/Textures/T_Rock_Smooth_Granite_D.uasset" 318
"../../../Jeu_Az/Content/StarterContent/Materials/M_CobbleStone_Rough.uasset" 319
"../../../Jeu_Az/Content/Textures/Dirt_BaseColor.uasset" 320
"../../../Jeu_Az/Content/Textures/Dirt_Normal.uasset" 321
"../../../Jeu_Az/Content/Textures/Grass_BaseColor.uasset" 322
"../../../Jeu_Az/Content/Textures/Grass_Normal.uasset" 323
"../../../Jeu_Az/Content/Textures/Rock_BaseColor.uasset" 324
"../../../Jeu_Az/Content/Textures/Rock_Normal.uasset" 325
"../../../Jeu_Az/Content/Textures/Terrain_mat.uasset" 326
"../../../Engine/Content/EngineMaterials/DefaultPhysicalMaterial.uasset" 327
"../../../Jeu_Az/Content/Foliage/Arbres/Tronc_BaseColor.uasset" 328
"../../../Jeu_Az/Content/Foliage/Arbres/Tronc_Normal.uasset" 329
"../../../Jeu_Az/Content/Foliage/Arbres/Bois.uasset" 330
"../../../Engine/Content/Functions/Engine_MaterialFunctions01/WorldPositionOffset/SimpleGrassWind.uasset" 331
"../../../Jeu_Az/Content/Foliage/Arbres/Feuille_BaseColor.uasset" 332
"../../../Jeu_Az/Content/Foliage/Arbres/Feuilles.uasset" 333
"../../../Jeu_Az/Content/Foliage/Arbres/Tree01.uasset" 334
"../../../Jeu_Az/Content/Foliage/Arbres/Tree02.uasset" 335
"../../../Jeu_Az/Content/Foliage/Arbres/Tree03.uasset" 336
"../../../Jeu_Az/Content/Foliage/Herbe/HerbePng.uasset" 337
"../../../Jeu_Az/Content/Foliage/Herbe/Grass1.uasset" 338
"../../../Jeu_Az/Content/Foliage/Herbe/Grass.uasset" 339
"../../../Jeu_Az/Content/Foliage/Pierre/rock1/Rock01_BaseColor.uasset" 340
"../../../Jeu_Az/Content/Foliage/Pierre/rock1/Rock01_Normal.uasset" 341
"../../../Jeu_Az/Content/Foliage/Pierre/rock1/Rock01_OcclusionRoughnessMetallic.uasset" 342
"../../../Jeu_Az/Content/Foliage/Pierre/rock1/Rock01_mat.uasset" 343
"../../../Jeu_Az/Content/Foliage/Pierre/rock1/Rock01.uasset" 344
"../../../Jeu_Az/Content/Foliage/Pierre/rock2/Rock02_BaseColor.uasset" 345
"../../../Jeu_Az/Content/Foliage/Pierre/rock2/Rock02_Normal.uasset" 346
"../../../Jeu_Az/Content/Foliage/Pierre/rock2/Rock02_OcclusionRoughnessMetallic.uasset" 347
"../../../Jeu_Az/Content/Foliage/Pierre/rock2/rock02_mat.uasset" 348
"../../../Jeu_Az/Content/Foliage/Pierre/rock2/Rock02.uasset" 349
"../../../Jeu_Az/Content/Particules/Feuilles/Feuille_Plan.uasset" 350
"../../../Jeu_Az/Content/Particules/Feuilles/Leaves.uasset" 351
"../../../Jeu_Az/Content/sound/MusiqueDuJeu.uasset" 352
"../../../Jeu_Az/Content/Widgets/MonWidget.uasset" 353
"../../../Jeu_Az/Content/sound/WIN-sound-effect-no-copyright.uasset" 354
"../../../Jeu_Az/Content/Widgets/WIN.uasset" 355
"../../../Jeu_Az/Content/Levels/Foretlevels.umap" 356
"../../../Jeu_Az/Content/Widgets/ecran_principale.uasset" 357
"../../../Jeu_Az/Content/Widgets/Logo.uasset" 358
"../../../Jeu_Az/Content/Widgets/Menu_Principales.uasset" 359
"../../../Jeu_Az/Content/Levels/MainLevel.umap" 360
"../../../Jeu_Az/Content/Mannequin/Character/Mesh/UE4_Mannequin_Skeleton.uasset" 361
"../../../Jeu_Az/Content/Mannequin/Animations/ThirdPerson_Jump.uasset" 362
"../../../Jeu_Az/Content/Mannequin/Animations/ThirdPersonJump_Loop.uasset" 363
"../../../Jeu_Az/Content/Mannequin/Animations/ThirdPersonJump_Start.uasset" 364
"../../../Jeu_Az/Content/Mannequin/Animations/ThirdPersonIdle.uasset" 365
"../../../Jeu_Az/Content/Mannequin/Animations/ThirdPersonRun.uasset" 366
"../../../Jeu_Az/Content/Mannequin/Animations/ThirdPersonWalk.uasset" 367
"../../../Jeu_Az/Content/Mannequin/Animations/ThirdPerson_IdleRun_2D.uasset" 368
"../../../Jeu_Az/Content/Mannequin/Animations/ThirdPerson_AnimBP.uasset" 369
"../../../Engine/Content/Functions/Engine_MaterialFunctions02/Utility/BlendAngleCorrectedNormals.uasset" 370
"../../../Engine/Content/Functions/MaterialLayerFunctions/MatLayerBlend_NormalBlend.uasset" 371
"../../../Engine/Content/Functions/MaterialLayerFunctions/MatLayerBlend_Simple.uasset" 372
"../../../Jeu_Az/Content/Mannequin/Character/Materials/MaterialLayers/T_ML_Rubber_Blue_01_D.uasset" 373
"../../../Jeu_Az/Content/Mannequin/Character/Materials/MaterialLayers/T_ML_Rubber_Blue_01_N.uasset" 374
"../../../Jeu_Az/Content/Mannequin/Character/Materials/MaterialLayers/ML_GlossyBlack_Latex_UE4.uasset" 375
"../../../Jeu_Az/Content/Mannequin/Character/Materials/MaterialLayers/ML_Plastic_Shiny_Beige.uasset" 376
"../../../Jeu_Az/Content/Mannequin/Character/Textures/UE4_LOGO_CARD.uasset" 377
"../../../Jeu_Az/Content/Mannequin/Character/Materials/MaterialLayers/ML_Plastic_Shiny_Beige_LOGO.uasset" 378
"../../../Jeu_Az/Content/Mannequin/Character/Materials/MaterialLayers/T_ML_Aluminum01.uasset" 379
"../../../Jeu_Az/Content/Mannequin/Character/Materials/MaterialLayers/T_ML_Aluminum01_N.uasset" 380
"../../../Jeu_Az/Content/Mannequin/Character/Materials/MaterialLayers/ML_SoftMetal_UE4.uasset" 381
"../../../Jeu_Az/Content/Mannequin/Character/Textures/UE4_Mannequin__normals.uasset" 382
"../../../Jeu_Az/Content/Mannequin/Character/Textures/UE4_Mannequin_MAT_MASKA.uasset" 383
"../../../Jeu_Az/Content/Mannequin/Character/Materials/M_UE4Man_Body.uasset" 384
"../../../Jeu_Az/Content/Mannequin/Character/Textures/UE4Man_Logo_N.uasset" 385
"../../../Jeu_Az/Content/Mannequin/Character/Materials/M_UE4Man_ChestLogo.uasset" 386
"../../../Jeu_Az/Content/Mannequin/Character/Mesh/SK_Mannequin_PhysicsAsset.uasset" 387
"../../../Jeu_Az/Content/Mannequin/Character/Mesh/SK_Mannequin.uasset" 388
"../../../Jeu_Az/Content/ThirdPersonBP/Blueprints/ThirdPersonCharacter.uasset" 389
"../../../Jeu_Az/Content/ThirdPersonBP/Maps/ThirdPersonExampleMap_BuiltData.uasset" 390
"../../../Jeu_Az/Content/Geometry/Meshes/CubeMaterial.uasset" 391
"../../../Jeu_Az/Content/Geometry/Meshes/1M_Cube.uasset" 392
"../../../Jeu_Az/Content/Geometry/Meshes/1M_Cube_Chamfer.uasset" 393
"../../../Jeu_Az/Content/Geometry/Meshes/TemplateFloor.uasset" 394
"../../../Jeu_Az/Content/ThirdPerson/Meshes/RampMaterial.uasset" 395
"../../../Jeu_Az/Content/ThirdPerson/Meshes/Bump_StaticMesh.uasset" 396
"../../../Jeu_Az/Content/ThirdPerson/Meshes/LeftArm_StaticMesh.uasset" 397
"../../../Jeu_Az/Content/ThirdPerson/Meshes/Linear_Stair_StaticMesh.uasset" 398
"../../../Jeu_Az/Content/ThirdPerson/Meshes/Ramp_StaticMesh.uasset" 399
"../../../Jeu_Az/Content/ThirdPerson/Meshes/RightArm_StaticMesh.uasset" 400
"../../../Jeu_Az/Content/ThirdPersonBP/Maps/ThirdPersonExampleMap.umap" 401
"../../../Engine/Content/Maps/Entry.umap" 402
